<?xml version="1.0" encoding="UTF-8"?>
<!-- Generated by org.testng.reporters.JUnitReportReporter -->
<testsuite skipped="0" hostname="lathabp-ThinkPad-L470-W10DG" name="test.Logintest" tests="1" failures="0" timestamp="06 Dec 2019 12:39:04 GMT" time="69.661" errors="0">
  <testcase name="TestvalideLogin" time="69.661" classname="test.Logintest"/>
</testsuite> <!-- test.Logintest -->
