<?xml version="1.0" encoding="UTF-8"?>
<!-- Generated by org.testng.reporters.JUnitReportReporter -->
<testsuite skipped="0" hostname="lathabp-ThinkPad-L470-W10DG" name="test.storeLocatoreTest" tests="1" failures="0" timestamp="13 Dec 2019 13:43:46 GMT" time="29.350" errors="0">
  <testcase name="GoToStoreLocatorte" time="29.350" classname="test.storeLocatoreTest"/>
</testsuite> <!-- test.storeLocatoreTest -->
