<?xml version="1.0" encoding="UTF-8"?>
<!-- Generated by org.testng.reporters.JUnitReportReporter -->
<testsuite skipped="0" hostname="lathabp-ThinkPad-L470-W10DG" name="test.myOrderTest" tests="1" failures="0" timestamp="13 Dec 2019 11:12:57 GMT" time="14.940" errors="0">
  <testcase name="GoTOCheckMyOrder" time="14.940" classname="test.myOrderTest"/>
</testsuite> <!-- test.myOrderTest -->
