<?xml version="1.0" encoding="UTF-8"?>
<!-- Generated by org.testng.reporters.JUnitReportReporter -->
<testsuite skipped="0" hostname="lathabp-ThinkPad-L470-W10DG" name="test.allCategoryTest" tests="1" failures="0" timestamp="13 Dec 2019 10:20:56 GMT" time="33.893" errors="0">
  <testcase name="TestvalideLogin" time="33.893" classname="test.allCategoryTest"/>
</testsuite> <!-- test.allCategoryTest -->
